BER Performance of Adaptive RLS Channel Estimator (4-QAM) in multipath ISI channel
Modulation Scheme: 4-QAM
3-path Rayleigh fading channel with equal strength
Multipath weighting factor: {0.577, 0.577, 0.577}
Speed of the vehicle = 150.000000 (km/h)
Carrier Frequency = 2.000000e+09 (Hz)
Maximum Doppler Frequency = 277.777778 (Hz)
Transmission bit Rate = 5.000000e+05 (bps)
f_d * t = 0.000556
Eb/No     BER
BER Performance of Adaptive RLS Channel Estimator (4-QAM) in multipath ISI channel
Modulation Scheme: 4-QAM
3-path Rayleigh fading channel with equal strength
Multipath weighting factor: {0.577, 0.577, 0.577}
Speed of the vehicle = 150.000000 (km/h)
Carrier Frequency = 2.000000e+09 (Hz)
Maximum Doppler Frequency = 277.777778 (Hz)
Transmission bit Rate = 5.000000e+05 (bps)
f_d * t = 0.000556
Eb/No     BER
BER Performance of Adaptive RLS Channel Estimator (4-QAM) in multipath ISI channel
Modulation Scheme: 4-QAM
3-path Rayleigh fading channel with equal strength
Multipath weighting factor: {0.407, 0.815, 0.407}
Speed of the vehicle = 0.000000 (km/h)
Carrier Frequency = 2.000000e+09 (Hz)
Maximum Doppler Frequency = 0.000000 (Hz)
Transmission bit Rate = 5.000000e+05 (bps)
f_d * t = 0.000000
Eb/No     BER
BER Performance of Adaptive RLS Channel Estimator (4-QAM) in multipath ISI channel
Modulation Scheme: 4-QAM
3-path Rayleigh fading channel with equal strength
Multipath weighting factor: {0.407, 0.815, 0.407}
Speed of the vehicle = 0.000000 (km/h)
Carrier Frequency = 2.000000e+09 (Hz)
Maximum Doppler Frequency = 0.000000 (Hz)
Transmission bit Rate = 5.000000e+05 (bps)
f_d * t = 0.000000
Eb/No     BER
BER Performance of Adaptive RLS Channel Estimator (4-QAM) in multipath ISI channel
Modulation Scheme: 4-QAM
3-path Rayleigh fading channel with equal strength
Multipath weighting factor: {0.407, 0.815, 0.407}
Speed of the vehicle = 0.000000 (km/h)
Carrier Frequency = 2.000000e+09 (Hz)
Maximum Doppler Frequency = 0.000000 (Hz)
Transmission bit Rate = 5.000000e+05 (bps)
f_d * t = 0.000000
Eb/No     BER
BER Performance of Adaptive RLS Channel Estimator (4-QAM) in multipath ISI channel
Modulation Scheme: 4-QAM
3-path Rayleigh fading channel with equal strength
Multipath weighting factor: {0.407, 0.815, 0.407}
Speed of the vehicle = 0.000000 (km/h)
Carrier Frequency = 2.000000e+09 (Hz)
Maximum Doppler Frequency = 0.000000 (Hz)
Transmission bit Rate = 5.000000e+05 (bps)
f_d * t = 0.000000
Eb/No     BER
BER Performance of Adaptive RLS Channel Estimator (4-QAM) in multipath ISI channel
Modulation Scheme: 4-QAM
3-path Rayleigh fading channel with equal strength
Multipath weighting factor: {0.407, 0.815, 0.407}
Speed of the vehicle = 0.000000 (km/h)
Carrier Frequency = 2.000000e+09 (Hz)
Maximum Doppler Frequency = 0.000000 (Hz)
Transmission bit Rate = 5.000000e+05 (bps)
f_d * t = 0.000000
Eb/No     BER
BER Performance of Adaptive RLS Channel Estimator (4-QAM) in multipath ISI channel
Modulation Scheme: 4-QAM
3-path Rayleigh fading channel with equal strength
Multipath weighting factor: {0.407, 0.815, 0.407}
Speed of the vehicle = 0.000000 (km/h)
Carrier Frequency = 2.000000e+09 (Hz)
Maximum Doppler Frequency = 0.000000 (Hz)
Transmission bit Rate = 5.000000e+05 (bps)
f_d * t = 0.000000
Eb/No     BER
BER Performance of Adaptive RLS Channel Estimator (4-QAM) in multipath ISI channel
Modulation Scheme: 4-QAM
3-path Rayleigh fading channel with equal strength
Multipath weighting factor: {0.407, 0.815, 0.407}
Speed of the vehicle = 0.000000 (km/h)
Carrier Frequency = 2.000000e+09 (Hz)
Maximum Doppler Frequency = 0.000000 (Hz)
Transmission bit Rate = 5.000000e+05 (bps)
f_d * t = 0.000000
Eb/No     BER
BER Performance of Adaptive RLS Channel Estimator (4-QAM) in multipath ISI channel
Modulation Scheme: 4-QAM
3-path Rayleigh fading channel with equal strength
Multipath weighting factor: {0.407, 0.815, 0.407}
Speed of the vehicle = 0.000000 (km/h)
Carrier Frequency = 2.000000e+09 (Hz)
Maximum Doppler Frequency = 0.000000 (Hz)
Transmission bit Rate = 5.000000e+05 (bps)
f_d * t = 0.000000
Eb/No     BER
BER Performance of Adaptive RLS Channel Estimator (4-QAM) in multipath ISI channel
Modulation Scheme: 4-QAM
3-path Rayleigh fading channel with equal strength
Multipath weighting factor: {0.407, 0.815, 0.407}
Speed of the vehicle = 0.000000 (km/h)
Carrier Frequency = 2.000000e+09 (Hz)
Maximum Doppler Frequency = 0.000000 (Hz)
Transmission bit Rate = 5.000000e+05 (bps)
f_d * t = 0.000000
Eb/No     BER
BER Performance of Adaptive RLS Channel Estimator (4-QAM) in multipath ISI channel
Modulation Scheme: 4-QAM
3-path Rayleigh fading channel with equal strength
Multipath weighting factor: {0.407, 0.815, 0.407}
Speed of the vehicle = 0.000000 (km/h)
Carrier Frequency = 2.000000e+09 (Hz)
Maximum Doppler Frequency = 0.000000 (Hz)
Transmission bit Rate = 5.000000e+05 (bps)
f_d * t = 0.000000
Eb/No     BER
BER Performance of Adaptive RLS Channel Estimator (4-QAM) in multipath ISI channel
Modulation Scheme: 4-QAM
3-path Rayleigh fading channel with equal strength
Multipath weighting factor: {0.407, 0.815, 0.407}
Speed of the vehicle = 0.000000 (km/h)
Carrier Frequency = 2.000000e+09 (Hz)
Maximum Doppler Frequency = 0.000000 (Hz)
Transmission bit Rate = 5.000000e+05 (bps)
f_d * t = 0.000000
Eb/No     BER
BER Performance of Adaptive RLS Channel Estimator (4-QAM) in multipath ISI channel
Modulation Scheme: 4-QAM
3-path Rayleigh fading channel with equal strength
Multipath weighting factor: {0.407, 0.815, 0.407}
Speed of the vehicle = 0.000000 (km/h)
Carrier Frequency = 2.000000e+09 (Hz)
Maximum Doppler Frequency = 0.000000 (Hz)
Transmission bit Rate = 5.000000e+05 (bps)
f_d * t = 0.000000
Eb/No     BER
BER Performance of Adaptive RLS Channel Estimator (4-QAM) in multipath ISI channel
Modulation Scheme: 4-QAM
3-path Rayleigh fading channel with equal strength
Multipath weighting factor: {0.407, 0.815, 0.407}
Speed of the vehicle = 0.000000 (km/h)
Carrier Frequency = 2.000000e+09 (Hz)
Maximum Doppler Frequency = 0.000000 (Hz)
Transmission bit Rate = 5.000000e+05 (bps)
f_d * t = 0.000000
Eb/No     BER
30.000000 1.683501e-05 

Total elapsed time: 1(sec)

BER Performance of Adaptive RLS Channel Estimator (4-QAM) in multipath ISI channel
Modulation Scheme: 4-QAM
3-path Rayleigh fading channel with equal strength
Multipath weighting factor: {0.407, 0.815, 0.407}
Speed of the vehicle = 0.000000 (km/h)
Carrier Frequency = 2.000000e+09 (Hz)
Maximum Doppler Frequency = 0.000000 (Hz)
Transmission bit Rate = 5.000000e+05 (bps)
f_d * t = 0.000000
Eb/No     BER
0.000000 5.566097e-04 
5.000000 1.735340e-04 
10.000000 6.448967e-05 
15.000000 3.749434e-05 
20.000000 2.138755e-05 
25.000000 1.893592e-05 
30.000000 1.689618e-05 

Total elapsed time: 4(sec)

BER Performance of Adaptive RLS Channel Estimator (4-QAM) in multipath ISI channel
Modulation Scheme: 4-QAM
3-path Rayleigh fading channel with equal strength
Multipath weighting factor: {0.577, 0.577, 0.577}
Speed of the vehicle = 150.000000 (km/h)
Carrier Frequency = 2.000000e+09 (Hz)
Maximum Doppler Frequency = 277.777778 (Hz)
Transmission bit Rate = 5.000000e+05 (bps)
f_d * t = 0.000556
Eb/No     BER
0.000000 5.250879e-01 
5.000000 5.248686e-01 
10.000000 5.227079e-01 
15.000000 5.211381e-01 
20.000000 5.201925e-01 
25.000000 5.198031e-01 
30.000000 5.199190e-01 

Total elapsed time: 81(sec)

MSE Performance of Adaptive RLS Channel Estimator (4-QAM) in multipath ISI channel
Modulation Scheme: 4-QAM
3-path Rayleigh fading channel with equal strength
Multipath weighting factor: {0.577, 0.577, 0.577}
Speed of the vehicle = 150.000000 (km/h)
Carrier Frequency = 2.000000e+09 (Hz)
Maximum Doppler Frequency = 277.777778 (Hz)
Transmission bit Rate = 5.000000e+05 (bps)
f_d * t = 0.000556
Eb/No     BER
0.000000 6.164091e-01 
5.000000 6.109470e-01 
10.000000 6.123577e-01 
15.000000 6.099573e-01 
20.000000 6.095434e-01 
25.000000 6.091281e-01 
30.000000 6.093544e-01 

Total elapsed time: 80(sec)

MSE Performance of Adaptive RLS Channel Estimator (4-QAM) in multipath ISI channel
Modulation Scheme: 4-QAM
3-path Rayleigh fading channel with equal strength
Multipath weighting factor: {0.577, 0.577, 0.577}
Speed of the vehicle = 150.000000 (km/h)
Carrier Frequency = 2.000000e+09 (Hz)
Maximum Doppler Frequency = 277.777778 (Hz)
Transmission bit Rate = 5.000000e+05 (bps)
f_d * t = 0.000556
Eb/No     BER
MSE Performance of Adaptive RLS Channel Estimator (4-QAM) in multipath ISI channel
Modulation Scheme: 4-QAM
3-path Rayleigh fading channel with equal strength
Multipath weighting factor: {0.407, 0.815, 0.407}
Speed of the vehicle = 0.000000 (km/h)
Carrier Frequency = 2.000000e+09 (Hz)
Maximum Doppler Frequency = 0.000000 (Hz)
Transmission bit Rate = 5.000000e+05 (bps)
f_d * t = 0.000000
Eb/No     BER
0.000000 5.415187e-04 
5.000000 1.886409e-04 
10.000000 9.693464e-05 
15.000000 2.974534e-05 
20.000000 2.108319e-05 
25.000000 1.806973e-05 
30.000000 1.670128e-05 

Total elapsed time: 5(sec)

MSE Performance of Adaptive RLS Channel Estimator (4-QAM) in multipath ISI channel
Modulation Scheme: 4-QAM
3-path Rayleigh fading channel with equal strength
Multipath weighting factor: {0.407, 0.815, 0.407}
Speed of the vehicle = 0.000000 (km/h)
Carrier Frequency = 2.000000e+09 (Hz)
Maximum Doppler Frequency = 0.000000 (Hz)
Transmission bit Rate = 5.000000e+05 (bps)
f_d * t = 0.000000
Eb/No     BER
0.000000 5.493776e-04 
5.000000 2.206278e-04 
10.000000 8.678613e-05 
15.000000 4.335980e-05 
20.000000 2.335860e-05 
25.000000 2.203061e-05 
30.000000 1.665704e-05 

Total elapsed time: 4(sec)

MSE Performance of Adaptive RLS Channel Estimator (4-QAM) in multipath ISI channel
Modulation Scheme: 4-QAM
3-path Rayleigh fading channel with equal strength
Multipath weighting factor: {0.577, 0.577, 0.577}
Speed of the vehicle = 30.000000 (km/h)
Carrier Frequency = 2.000000e+09 (Hz)
Maximum Doppler Frequency = 55.555556 (Hz)
Transmission bit Rate = 5.000000e+05 (bps)
f_d * t = 0.000111
Eb/No     BER
MSE Performance of Adaptive RLS Channel Estimator (4-QAM) in multipath ISI channel
Modulation Scheme: 4-QAM
3-path Rayleigh fading channel with equal strength
Multipath weighting factor: {0.577, 0.577, 0.577}
Speed of the vehicle = 30.000000 (km/h)
Carrier Frequency = 2.000000e+09 (Hz)
Maximum Doppler Frequency = 55.555556 (Hz)
Transmission bit Rate = 5.000000e+05 (bps)
f_d * t = 0.000111
Eb/No     BER
0.000000 4.617690e-01 
5.000000 4.486171e-01 
10.000000 4.481140e-01 
15.000000 4.476216e-01 
20.000000 4.473346e-01 
25.000000 4.471714e-01 
30.000000 4.469229e-01 

Total elapsed time: 80(sec)

MSE Performance of Adaptive RLS Channel Estimator (4-QAM) in multipath ISI channel
Modulation Scheme: 4-QAM
3-path Rayleigh fading channel with equal strength
Multipath weighting factor: {0.407, 0.815, 0.407}
Speed of the vehicle = 0.000000 (km/h)
Carrier Frequency = 2.000000e+09 (Hz)
Maximum Doppler Frequency = 0.000000 (Hz)
Transmission bit Rate = 5.000000e+05 (bps)
f_d * t = 0.000000
Eb/No     BER
0.000000 6.772990e-04 
5.000000 1.639501e-04 
10.000000 5.597051e-05 
15.000000 3.466564e-05 
20.000000 2.517828e-05 
25.000000 1.809090e-05 
30.000000 1.692116e-05 

Total elapsed time: 4(sec)

MSE Performance of Adaptive RLS Channel Estimator (4-QAM) in multipath ISI channel
Modulation Scheme: 4-QAM
3-path Rayleigh fading channel with equal strength
Multipath weighting factor: {0.577, 0.577, 0.577}
Speed of the vehicle = 0.000000 (km/h)
Carrier Frequency = 2.000000e+09 (Hz)
Maximum Doppler Frequency = 0.000000 (Hz)
Transmission bit Rate = 5.000000e+05 (bps)
f_d * t = 0.000000
Eb/No     BER
0.000000 6.703184e-04 
5.000000 2.026994e-04 
10.000000 9.270689e-05 
15.000000 2.911986e-05 
20.000000 2.018689e-05 
25.000000 1.880008e-05 
30.000000 1.663413e-05 

Total elapsed time: 5(sec)

MSE Performance of Adaptive RLS Channel Estimator (4-QAM) in multipath ISI channel
Modulation Scheme: 4-QAM
3-path Rayleigh fading channel with equal strength
Multipath weighting factor: {0.577, 0.577, 0.577}
Speed of the vehicle = 10.000000 (km/h)
Carrier Frequency = 2.000000e+09 (Hz)
Maximum Doppler Frequency = 18.518519 (Hz)
Transmission bit Rate = 5.000000e+05 (bps)
f_d * t = 0.000037
Eb/No     BER
0.000000 9.250713e-01 
5.000000 9.355794e-01 
10.000000 9.365235e-01 
15.000000 9.360864e-01 
20.000000 9.348622e-01 
25.000000 9.354726e-01 
30.000000 9.350694e-01 

Total elapsed time: 81(sec)

MSE Performance of Adaptive RLS Channel Estimator (4-QAM) in multipath ISI channel
Modulation Scheme: 4-QAM
3-path Rayleigh fading channel with equal strength
Multipath weighting factor: {0.577, 0.577, 0.577}
Speed of the vehicle = 30.000000 (km/h)
Carrier Frequency = 2.000000e+09 (Hz)
Maximum Doppler Frequency = 55.555556 (Hz)
Transmission bit Rate = 5.000000e+05 (bps)
f_d * t = 0.000111
Eb/No     BER
0.000000 4.565578e-01 
5.000000 4.486513e-01 
10.000000 4.459067e-01 
15.000000 4.471528e-01 
20.000000 4.468809e-01 
25.000000 4.470056e-01 
30.000000 4.470539e-01 

Total elapsed time: 81(sec)

MSE Performance of Adaptive RLS Channel Estimator (4-QAM) in multipath ISI channel
Modulation Scheme: 4-QAM
3-path Rayleigh fading channel with equal strength
Multipath weighting factor: {0.577, 0.577, 0.577}
Speed of the vehicle = 60.000000 (km/h)
Carrier Frequency = 2.000000e+09 (Hz)
Maximum Doppler Frequency = 111.111111 (Hz)
Transmission bit Rate = 5.000000e+05 (bps)
f_d * t = 0.000222
Eb/No     BER
0.000000 1.015704e+00 
5.000000 1.012987e+00 
10.000000 1.008856e+00 
15.000000 1.008357e+00 
20.000000 1.008490e+00 
25.000000 1.008309e+00 
30.000000 1.008727e+00 

Total elapsed time: 81(sec)

MSE Performance of Adaptive RLS Channel Estimator (4-QAM) in multipath ISI channel
Modulation Scheme: 4-QAM
3-path Rayleigh fading channel with equal strength
Multipath weighting factor: {0.577, 0.577, 0.577}
Speed of the vehicle = 150.000000 (km/h)
Carrier Frequency = 2.000000e+09 (Hz)
Maximum Doppler Frequency = 277.777778 (Hz)
Transmission bit Rate = 5.000000e+05 (bps)
f_d * t = 0.000556
Eb/No     BER
0.000000 6.220978e-01 
5.000000 6.092206e-01 
10.000000 6.122724e-01 
15.000000 6.086437e-01 
20.000000 6.095214e-01 
25.000000 6.093760e-01 
30.000000 6.094277e-01 

Total elapsed time: 83(sec)

MSE Performance of Adaptive RLS Channel Estimator (4-QAM) in multipath ISI channel
Modulation Scheme: 4-QAM
3-path Rayleigh fading channel with equal strength
Multipath weighting factor: {0.577, 0.577, 0.577}
Speed of the vehicle = 150.000000 (km/h)
Carrier Frequency = 2.000000e+09 (Hz)
Maximum Doppler Frequency = 277.777778 (Hz)
Transmission bit Rate = 5.000000e+05 (bps)
f_d * t = 0.000556
Eb/No     BER
0.000000 6.226813e-01 
5.000000 6.110671e-01 
10.000000 6.095063e-01 
15.000000 6.093101e-01 
MSE Performance of Adaptive RLS Channel Estimator (4-QAM) in multipath ISI channel
Modulation Scheme: 4-QAM
3-path Rayleigh fading channel with equal strength
Multipath weighting factor: {0.407, 0.815, 0.407}
Speed of the vehicle = 0.000000 (km/h)
Carrier Frequency = 2.000000e+09 (Hz)
Maximum Doppler Frequency = 0.000000 (Hz)
Transmission bit Rate = 5.000000e+05 (bps)
f_d * t = 0.000000
Eb/No     BER
0.000000 4.396492e-04 
5.000000 1.207681e-04 
10.000000 3.927562e-05 
15.000000 1.035424e-05 
20.000000 3.263947e-06 
25.000000 9.616719e-07 
30.000000 2.905884e-07 

Total elapsed time: 5(sec)

MSE Performance of Adaptive RLS Channel Estimator (4-QAM) in multipath ISI channel
Modulation Scheme: 4-QAM
3-path Rayleigh fading channel with equal strength
Multipath weighting factor: {0.577, 0.577, 0.577}
Speed of the vehicle = 150.000000 (km/h)
Carrier Frequency = 2.000000e+09 (Hz)
Maximum Doppler Frequency = 277.777778 (Hz)
Transmission bit Rate = 5.000000e+05 (bps)
f_d * t = 0.000556
Eb/No     BER
0.000000 6.173610e-01 
5.000000 6.091354e-01 
10.000000 6.113671e-01 
15.000000 6.088038e-01 
20.000000 6.079885e-01 
25.000000 6.085991e-01 
30.000000 6.084781e-01 

Total elapsed time: 80(sec)

MSE Performance of Adaptive RLS Channel Estimator (4-QAM) in multipath ISI channel
Modulation Scheme: 4-QAM
3-path Rayleigh fading channel with equal strength
Multipath weighting factor: {0.577, 0.577, 0.577}
Speed of the vehicle = 150.000000 (km/h)
Carrier Frequency = 2.000000e+09 (Hz)
Maximum Doppler Frequency = 277.777778 (Hz)
Transmission bit Rate = 5.000000e+05 (bps)
f_d * t = 0.000556
Eb/No     BER
0.000000 6.150929e-01 
5.000000 6.117135e-01 
10.000000 6.075292e-01 
15.000000 6.078147e-01 
20.000000 6.072040e-01 
25.000000 6.073877e-01 
30.000000 6.071721e-01 

Total elapsed time: 79(sec)

MSE Performance of Adaptive RLS Channel Estimator (4-QAM) in multipath ISI channel
Modulation Scheme: 4-QAM
3-path Rayleigh fading channel with equal strength
Multipath weighting factor: {0.577, 0.577, 0.577}
Speed of the vehicle = 150.000000 (km/h)
Carrier Frequency = 2.000000e+09 (Hz)
Maximum Doppler Frequency = 277.777778 (Hz)
Transmission bit Rate = 5.000000e+05 (bps)
f_d * t = 0.000556
Eb/No     BER
0.000000 5.955175e-01 
5.000000 5.870615e-01 
10.000000 5.873689e-01 
15.000000 5.865439e-01 
20.000000 5.855519e-01 
25.000000 5.857730e-01 
30.000000 5.857881e-01 

Total elapsed time: 79(sec)

MSE Performance of Adaptive RLS Channel Estimator (4-QAM) in multipath ISI channel
Modulation Scheme: 4-QAM
3-path Rayleigh fading channel with equal strength
Multipath weighting factor: {0.577, 0.577, 0.577}
Speed of the vehicle = 150.000000 (km/h)
Carrier Frequency = 2.000000e+09 (Hz)
Maximum Doppler Frequency = 277.777778 (Hz)
Transmission bit Rate = 5.000000e+05 (bps)
f_d * t = 0.000556
Eb/No     BER
0.000000 5.094811e+07 
5.000000 5.033859e+07 
MSE Performance of Adaptive RLS Channel Estimator (4-QAM) in multipath ISI channel
Modulation Scheme: 4-QAM
3-path Rayleigh fading channel with equal strength
Multipath weighting factor: {0.577, 0.577, 0.577}
Speed of the vehicle = 150.000000 (km/h)
Carrier Frequency = 2.000000e+09 (Hz)
Maximum Doppler Frequency = 277.777778 (Hz)
Transmission bit Rate = 5.000000e+05 (bps)
f_d * t = 0.000556
Eb/No     BER
0.000000 4.624792e-01 
5.000000 4.549011e-01 
10.000000 4.516272e-01 
15.000000 4.524255e-01 
20.000000 4.521562e-01 
25.000000 4.514307e-01 
30.000000 4.520924e-01 

Total elapsed time: 81(sec)

MSE Performance of Adaptive RLS Channel Estimator (4-QAM) in multipath ISI channel
Modulation Scheme: 4-QAM
3-path Rayleigh fading channel with equal strength
Multipath weighting factor: {0.577, 0.577, 0.577}
Speed of the vehicle = 150.000000 (km/h)
Carrier Frequency = 2.000000e+09 (Hz)
Maximum Doppler Frequency = 277.777778 (Hz)
Transmission bit Rate = 5.000000e+05 (bps)
f_d * t = 0.000556
Eb/No     BER
0.000000 6.203384e-01 
5.000000 6.104131e-01 
10.000000 6.101660e-01 
15.000000 6.094771e-01 
20.000000 6.091994e-01 
25.000000 6.092591e-01 
30.000000 6.091919e-01 

Total elapsed time: 79(sec)

MSE Performance of Adaptive RLS Channel Estimator (4-QAM) in multipath ISI channel
Modulation Scheme: 4-QAM
3-path Rayleigh fading channel with equal strength
Multipath weighting factor: {0.577, 0.577, 0.577}
Speed of the vehicle = 150.000000 (km/h)
Carrier Frequency = 2.000000e+09 (Hz)
Maximum Doppler Frequency = 277.777778 (Hz)
Transmission bit Rate = 5.000000e+05 (bps)
f_d * t = 0.000556
Eb/No     BER
0.000000 6.177774e-01 
5.000000 6.149093e-01 
10.000000 6.101382e-01 
15.000000 6.097112e-01 
20.000000 6.091824e-01 
25.000000 6.094568e-01 
30.000000 6.092507e-01 

Total elapsed time: 81(sec)

MSE Performance of Adaptive RLS Channel Estimator (4-QAM) in multipath ISI channel
Modulation Scheme: 4-QAM
3-path Rayleigh fading channel with equal strength
Multipath weighting factor: {0.577, 0.577, 0.577}
Speed of the vehicle = 5.000000 (km/h)
Carrier Frequency = 2.000000e+09 (Hz)
Maximum Doppler Frequency = 9.259259 (Hz)
Transmission bit Rate = 5.000000e+05 (bps)
f_d * t = 0.000019
Eb/No     BER
0.000000 3.293445e-01 
5.000000 3.289033e-01 
10.000000 3.241805e-01 
MSE Performance of Adaptive RLS Channel Estimator (4-QAM) in multipath ISI channel
Modulation Scheme: 4-QAM
3-path Rayleigh fading channel with equal strength
Multipath weighting factor: {0.577, 0.577, 0.577}
Speed of the vehicle = 0.000000 (km/h)
Carrier Frequency = 2.000000e+09 (Hz)
Maximum Doppler Frequency = 0.000000 (Hz)
Transmission bit Rate = 5.000000e+05 (bps)
f_d * t = 0.000000
Eb/No     BER
0.000000 4.912487e-04 
5.000000 2.171600e-04 
10.000000 1.169642e-04 
15.000000 4.009907e-05 
20.000000 2.061433e-05 
25.000000 1.789765e-05 
30.000000 1.686357e-05 

Total elapsed time: 4(sec)

MSE Performance of Adaptive RLS Channel Estimator (4-QAM) in multipath ISI channel
Modulation Scheme: 4-QAM
3-path Rayleigh fading channel with equal strength
Multipath weighting factor: {0.577, 0.577, 0.577}
Speed of the vehicle = 1.000000 (km/h)
Carrier Frequency = 2.000000e+09 (Hz)
Maximum Doppler Frequency = 1.851852 (Hz)
Transmission bit Rate = 5.000000e+05 (bps)
f_d * t = 0.000004
Eb/No     BER
0.000000 2.802519e-01 
5.000000 2.800486e-01 
10.000000 2.801634e-01 
15.000000 2.803982e-01 
20.000000 2.809558e-01 
25.000000 2.810781e-01 
30.000000 2.810103e-01 

Total elapsed time: 80(sec)

MSE Performance of Adaptive RLS Channel Estimator (4-QAM) in multipath ISI channel
Modulation Scheme: 4-QAM
3-path Rayleigh fading channel with equal strength
Multipath weighting factor: {0.407, 0.815, 0.407}
Speed of the vehicle = 0.000000 (km/h)
Carrier Frequency = 2.000000e+09 (Hz)
Maximum Doppler Frequency = 0.000000 (Hz)
Transmission bit Rate = 5.000000e+05 (bps)
f_d * t = 0.000000
Eb/No     BER
0.000000 8.953701e-04 
5.000000 1.654680e-04 
10.000000 7.589410e-05 
15.000000 4.387787e-05 
20.000000 2.360494e-05 
25.000000 1.798679e-05 
30.000000 1.657750e-05 

Total elapsed time: 5(sec)

MSE Performance of Adaptive RLS Channel Estimator (4-QAM) in multipath ISI channel
Modulation Scheme: 4-QAM
3-path Rayleigh fading channel with equal strength
Multipath weighting factor: {0.407, 0.815, 0.407}
Speed of the vehicle = 0.000000 (km/h)
Carrier Frequency = 2.000000e+09 (Hz)
Maximum Doppler Frequency = 0.000000 (Hz)
Transmission bit Rate = 5.000000e+05 (bps)
f_d * t = 0.000000
Eb/No     BER
0.000000 4.567092e-04 
5.000000 1.232612e-04 
10.000000 6.857193e-05 
15.000000 5.602236e-05 
20.000000 3.011530e-05 
25.000000 4.613917e-05 
30.000000 5.619136e-05 

Total elapsed time: 4(sec)

MSE Performance of Adaptive RLS Channel Estimator (4-QAM) in multipath ISI channel
Modulation Scheme: 4-QAM
3-path Rayleigh fading channel with equal strength
Multipath weighting factor: {0.577, 0.577, 0.577}
Speed of the vehicle = 150.000000 (km/h)
Carrier Frequency = 2.000000e+09 (Hz)
Maximum Doppler Frequency = 277.777778 (Hz)
Transmission bit Rate = 5.000000e+05 (bps)
f_d * t = 0.000556
Eb/No     BER
0.000000 6.218139e-01 
5.000000 6.124568e-01 
10.000000 6.092274e-01 
15.000000 6.092188e-01 
20.000000 6.096399e-01 
25.000000 6.093742e-01 
30.000000 6.092249e-01 

Total elapsed time: 81(sec)

MSE Performance of Adaptive RLS Channel Estimator (4-QAM) in multipath ISI channel
Modulation Scheme: 4-QAM
3-path Rayleigh fading channel with equal strength
Multipath weighting factor: {0.577, 0.577, 0.577}
Speed of the vehicle = 150.000000 (km/h)
Carrier Frequency = 2.000000e+09 (Hz)
Maximum Doppler Frequency = 277.777778 (Hz)
Transmission bit Rate = 5.000000e+05 (bps)
f_d * t = 0.000556
Eb/No     BER
0.000000 6.221835e-01 
5.000000 6.130806e-01 
10.000000 6.089670e-01 
15.000000 6.097892e-01 
20.000000 6.089230e-01 
25.000000 6.093102e-01 
30.000000 6.093504e-01 

Total elapsed time: 79(sec)

MSE Performance of Adaptive RLS Channel Estimator (4-QAM) in multipath ISI channel
Modulation Scheme: 4-QAM
3-path Rayleigh fading channel with equal strength
Multipath weighting factor: {0.577, 0.577, 0.577}
Speed of the vehicle = 150.000000 (km/h)
Carrier Frequency = 2.000000e+09 (Hz)
Maximum Doppler Frequency = 277.777778 (Hz)
Transmission bit Rate = 5.000000e+05 (bps)
f_d * t = 0.000556
Eb/No     BER
0.000000 2.743720e-01 
5.000000 2.743720e-01 
10.000000 2.743720e-01 
15.000000 2.743720e-01 
20.000000 2.743720e-01 
25.000000 2.743720e-01 
30.000000 2.743720e-01 

Total elapsed time: 79(sec)

MSE Performance of Adaptive RLS Channel Estimator (4-QAM) in multipath ISI channel
Modulation Scheme: 4-QAM
3-path Rayleigh fading channel with equal strength
Multipath weighting factor: {0.407, 0.815, 0.407}
Speed of the vehicle = 0.000000 (km/h)
Carrier Frequency = 2.000000e+09 (Hz)
Maximum Doppler Frequency = 0.000000 (Hz)
Transmission bit Rate = 5.000000e+05 (bps)
f_d * t = 0.000000
Eb/No     BER
0.000000 3.318410e-01 
5.000000 3.318410e-01 
10.000000 3.318410e-01 
15.000000 3.318410e-01 
20.000000 3.318410e-01 
25.000000 3.318410e-01 
30.000000 3.318410e-01 

Total elapsed time: 3(sec)

MSE Performance of Adaptive RLS Channel Estimator (4-QAM) in multipath ISI channel
Modulation Scheme: 4-QAM
3-path Rayleigh fading channel with equal strength
Multipath weighting factor: {0.407, 0.815, 0.407}
Speed of the vehicle = 0.000000 (km/h)
Carrier Frequency = 2.000000e+09 (Hz)
Maximum Doppler Frequency = 0.000000 (Hz)
Transmission bit Rate = 5.000000e+05 (bps)
f_d * t = 0.000000
Eb/No     BER
0.000000 6.388201e-04 
5.000000 1.804638e-04 
10.000000 1.023655e-04 
15.000000 5.809828e-05 
20.000000 4.766836e-05 
25.000000 2.910855e-05 
30.000000 4.402900e-05 

Total elapsed time: 4(sec)

MSE Performance of Adaptive RLS Channel Estimator (4-QAM) in multipath ISI channel
Modulation Scheme: 4-QAM
3-path Rayleigh fading channel with equal strength
Multipath weighting factor: {0.407, 0.815, 0.407}
Speed of the vehicle = 0.000000 (km/h)
Carrier Frequency = 2.000000e+09 (Hz)
Maximum Doppler Frequency = 0.000000 (Hz)
Transmission bit Rate = 5.000000e+05 (bps)
f_d * t = 0.000000
Eb/No     BER
0.000000 6.187073e-04 
5.000000 2.406789e-04 
10.000000 6.146125e-05 
15.000000 3.642987e-05 
20.000000 2.049222e-05 
25.000000 1.923805e-05 
30.000000 1.669600e-05 

Total elapsed time: 4(sec)

MSE Performance of Adaptive RLS Channel Estimator (4-QAM) in multipath ISI channel
Modulation Scheme: 4-QAM
3-path Rayleigh fading channel with equal strength
Multipath weighting factor: {0.577, 0.577, 0.577}
Speed of the vehicle = 150.000000 (km/h)
Carrier Frequency = 2.000000e+09 (Hz)
Maximum Doppler Frequency = 277.777778 (Hz)
Transmission bit Rate = 5.000000e+05 (bps)
f_d * t = 0.000556
Eb/No     BER
0.000000 3.156360e-01 
5.000000 3.128992e-01 
10.000000 3.151712e-01 
15.000000 3.155304e-01 
20.000000 3.143629e-01 
25.000000 3.140190e-01 
30.000000 3.147065e-01 

Total elapsed time: 81(sec)

MSE Performance of Adaptive RLS Channel Estimator (4-QAM) in multipath ISI channel
Modulation Scheme: 4-QAM
3-path Rayleigh fading channel with equal strength
Multipath weighting factor: {0.577, 0.577, 0.577}
Speed of the vehicle = 150.000000 (km/h)
Carrier Frequency = 2.000000e+09 (Hz)
Maximum Doppler Frequency = 277.777778 (Hz)
Transmission bit Rate = 5.000000e+05 (bps)
f_d * t = 0.000556
Eb/No     BER
0.000000 1.388219e+00 
5.000000 8.578970e-01 
10.000000 6.821770e-01 
15.000000 6.325555e-01 
20.000000 6.190207e-01 
25.000000 6.133085e-01 
30.000000 6.115960e-01 

Total elapsed time: 81(sec)

MSE Performance of Adaptive RLS Channel Estimator (4-QAM) in multipath ISI channel
Modulation Scheme: 4-QAM
3-path Rayleigh fading channel with equal strength
Multipath weighting factor: {0.577, 0.577, 0.577}
Speed of the vehicle = 150.000000 (km/h)
Carrier Frequency = 2.000000e+09 (Hz)
Maximum Doppler Frequency = 277.777778 (Hz)
Transmission bit Rate = 5.000000e+05 (bps)
f_d * t = 0.000556
Eb/No     BER
0.000000 9.894039e-01 
5.000000 7.302239e-01 
10.000000 6.476829e-01 
15.000000 6.225813e-01 
20.000000 6.143681e-01 
25.000000 6.120394e-01 
30.000000 6.113331e-01 

Total elapsed time: 81(sec)

MSE Performance of Adaptive RLS Channel Estimator (4-QAM) in multipath ISI channel
Modulation Scheme: 4-QAM
3-path Rayleigh fading channel with equal strength
Multipath weighting factor: {0.577, 0.577, 0.577}
Speed of the vehicle = 150.000000 (km/h)
Carrier Frequency = 2.000000e+09 (Hz)
Maximum Doppler Frequency = 277.777778 (Hz)
Transmission bit Rate = 5.000000e+05 (bps)
f_d * t = 0.000556
Eb/No     BER
0.000000 9.279379e-01 
5.000000 7.112498e-01 
10.000000 6.423726e-01 
15.000000 6.204153e-01 
20.000000 6.135141e-01 
25.000000 6.121819e-01 
30.000000 6.112945e-01 

Total elapsed time: 81(sec)

MSE Performance of Adaptive RLS Channel Estimator (4-QAM) in multipath ISI channel
Modulation Scheme: 4-QAM
3-path Rayleigh fading channel with equal strength
Multipath weighting factor: {0.577, 0.577, 0.577}
Speed of the vehicle = 150.000000 (km/h)
Carrier Frequency = 2.000000e+09 (Hz)
Maximum Doppler Frequency = 277.777778 (Hz)
Transmission bit Rate = 5.000000e+05 (bps)
f_d * t = 0.000556
Eb/No     BER
0.000000 8.604479e-01 
5.000000 6.905350e-01 
10.000000 6.348885e-01 
15.000000 6.192451e-01 
20.000000 6.130363e-01 
25.000000 6.118553e-01 
30.000000 6.112369e-01 

Total elapsed time: 80(sec)

MSE Performance of Adaptive RLS Channel Estimator (4-QAM) in multipath ISI channel
Modulation Scheme: 4-QAM
3-path Rayleigh fading channel with equal strength
Multipath weighting factor: {0.577, 0.577, 0.577}
Speed of the vehicle = 150.000000 (km/h)
Carrier Frequency = 2.000000e+09 (Hz)
Maximum Doppler Frequency = 277.777778 (Hz)
Transmission bit Rate = 5.000000e+05 (bps)
f_d * t = 0.000556
Eb/No     BER
0.000000 8.013531e-01 
5.000000 6.715639e-01 
10.000000 6.283967e-01 
15.000000 6.161032e-01 
20.000000 6.122365e-01 
25.000000 6.117350e-01 
30.000000 6.111206e-01 

Total elapsed time: 79(sec)

MSE Performance of Adaptive RLS Channel Estimator (4-QAM) in multipath ISI channel
Modulation Scheme: 4-QAM
3-path Rayleigh fading channel with equal strength
Multipath weighting factor: {0.577, 0.577, 0.577}
Speed of the vehicle = 150.000000 (km/h)
Carrier Frequency = 2.000000e+09 (Hz)
Maximum Doppler Frequency = 277.777778 (Hz)
Transmission bit Rate = 5.000000e+05 (bps)
f_d * t = 0.000556
Eb/No     BER
0.000000 7.583107e-01 
5.000000 6.604002e-01 
10.000000 6.250422e-01 
15.000000 6.163336e-01 
20.000000 6.125283e-01 
25.000000 6.111539e-01 
30.000000 6.109604e-01 

Total elapsed time: 80(sec)

MSE Performance of Adaptive RLS Channel Estimator (4-QAM) in multipath ISI channel
Modulation Scheme: 4-QAM
3-path Rayleigh fading channel with equal strength
Multipath weighting factor: {0.577, 0.577, 0.577}
Speed of the vehicle = 150.000000 (km/h)
Carrier Frequency = 2.000000e+09 (Hz)
Maximum Doppler Frequency = 277.777778 (Hz)
Transmission bit Rate = 5.000000e+05 (bps)
f_d * t = 0.000556
Eb/No     BER
0.000000 7.104672e-01 
5.000000 6.436756e-01 
10.000000 6.223075e-01 
15.000000 6.151034e-01 
20.000000 6.123654e-01 
25.000000 6.113791e-01 
30.000000 6.110781e-01 

Total elapsed time: 81(sec)

MSE Performance of Adaptive RLS Channel Estimator (4-QAM) in multipath ISI channel
Modulation Scheme: 4-QAM
3-path Rayleigh fading channel with equal strength
Multipath weighting factor: {0.577, 0.577, 0.577}
Speed of the vehicle = 150.000000 (km/h)
Carrier Frequency = 2.000000e+09 (Hz)
Maximum Doppler Frequency = 277.777778 (Hz)
Transmission bit Rate = 5.000000e+05 (bps)
f_d * t = 0.000556
Eb/No     BER
0.000000 6.716918e-01 
5.000000 6.326199e-01 
10.000000 6.178472e-01 
15.000000 6.122978e-01 
20.000000 6.108989e-01 
25.000000 6.111616e-01 
30.000000 6.108230e-01 

Total elapsed time: 79(sec)

MSE Performance of Adaptive RLS Channel Estimator (4-QAM) in multipath ISI channel
Modulation Scheme: 4-QAM
3-path Rayleigh fading channel with equal strength
Multipath weighting factor: {0.577, 0.577, 0.577}
Speed of the vehicle = 150.000000 (km/h)
Carrier Frequency = 2.000000e+09 (Hz)
Maximum Doppler Frequency = 277.777778 (Hz)
Transmission bit Rate = 5.000000e+05 (bps)
f_d * t = 0.000556
Eb/No     BER
0.000000 6.384870e-01 
5.000000 6.173288e-01 
10.000000 6.136303e-01 
15.000000 6.123903e-01 
20.000000 6.109075e-01 
25.000000 6.109652e-01 
30.000000 6.107971e-01 

Total elapsed time: 80(sec)

MSE Performance of Adaptive RLS Channel Estimator (4-QAM) in multipath ISI channel
Modulation Scheme: 4-QAM
3-path Rayleigh fading channel with equal strength
Multipath weighting factor: {0.577, 0.577, 0.577}
Speed of the vehicle = 150.000000 (km/h)
Carrier Frequency = 2.000000e+09 (Hz)
Maximum Doppler Frequency = 277.777778 (Hz)
Transmission bit Rate = 5.000000e+05 (bps)
f_d * t = 0.000556
Eb/No     BER
0.000000 6.327845e-01 
5.000000 6.175685e-01 
MSE Performance of Adaptive RLS Channel Estimator (4-QAM) in multipath ISI channel
Modulation Scheme: 4-QAM
3-path Rayleigh fading channel with equal strength
Multipath weighting factor: {0.577, 0.577, 0.577}
Speed of the vehicle = 150.000000 (km/h)
Carrier Frequency = 2.000000e+09 (Hz)
Maximum Doppler Frequency = 277.777778 (Hz)
Transmission bit Rate = 5.000000e+05 (bps)
f_d * t = 0.000556
Eb/No     BER
20.000000 6.108441e-01 
25.000000 6.102178e-01 
MSE Performance of Adaptive RLS Channel Estimator (4-QAM) in multipath ISI channel
Modulation Scheme: 4-QAM
3-path Rayleigh fading channel with equal strength
Multipath weighting factor: {0.577, 0.577, 0.577}
Speed of the vehicle = 150.000000 (km/h)
Carrier Frequency = 2.000000e+09 (Hz)
Maximum Doppler Frequency = 277.777778 (Hz)
Transmission bit Rate = 5.000000e+05 (bps)
f_d * t = 0.000556
Eb/No     BER
20.000000 5.907037e-01 
25.000000 5.903979e-01 
30.000000 5.904967e-01 

Total elapsed time: 34(sec)

MSE Performance of Adaptive RLS Channel Estimator (4-QAM) in multipath ISI channel
Modulation Scheme: 4-QAM
3-path Rayleigh fading channel with equal strength
Multipath weighting factor: {0.577, 0.577, 0.577}
Speed of the vehicle = 150.000000 (km/h)
Carrier Frequency = 2.000000e+09 (Hz)
Maximum Doppler Frequency = 277.777778 (Hz)
Transmission bit Rate = 5.000000e+05 (bps)
f_d * t = 0.000556
Eb/No     BER
20.000000 3.139917e-01 
25.000000 3.163846e-01 
30.000000 3.150725e-01 

Total elapsed time: 35(sec)

MSE Performance of Adaptive RLS Channel Estimator (4-QAM) in multipath ISI channel
Modulation Scheme: 4-QAM
3-path Rayleigh fading channel with equal strength
Multipath weighting factor: {0.577, 0.577, 0.577}
Speed of the vehicle = 150.000000 (km/h)
Carrier Frequency = 2.000000e+09 (Hz)
Maximum Doppler Frequency = 277.777778 (Hz)
Transmission bit Rate = 5.000000e+05 (bps)
f_d * t = 0.000556
Eb/No     BER
20.000000 2.810520e-01 
25.000000 2.803585e-01 
30.000000 2.797275e-01 

Total elapsed time: 34(sec)

MSE Performance of Adaptive RLS Channel Estimator (4-QAM) in multipath ISI channel
Modulation Scheme: 4-QAM
3-path Rayleigh fading channel with equal strength
Multipath weighting factor: {0.577, 0.577, 0.577}
Speed of the vehicle = 150.000000 (km/h)
Carrier Frequency = 2.000000e+09 (Hz)
Maximum Doppler Frequency = 277.777778 (Hz)
Transmission bit Rate = 5.000000e+05 (bps)
f_d * t = 0.000556
Eb/No     BER
20.000000 2.835470e-01 
25.000000 2.841153e-01 
30.000000 2.846085e-01 

Total elapsed time: 34(sec)

MSE Performance of Adaptive RLS Channel Estimator (4-QAM) in multipath ISI channel
Modulation Scheme: 4-QAM
3-path Rayleigh fading channel with equal strength
Multipath weighting factor: {0.577, 0.577, 0.577}
Speed of the vehicle = 150.000000 (km/h)
Carrier Frequency = 2.000000e+09 (Hz)
Maximum Doppler Frequency = 277.777778 (Hz)
Transmission bit Rate = 5.000000e+05 (bps)
f_d * t = 0.000556
Eb/No     BER
MSE Performance of Adaptive RLS Channel Estimator (4-QAM) in multipath ISI channel
Modulation Scheme: 4-QAM
3-path Rayleigh fading channel with equal strength
Multipath weighting factor: {0.577, 0.577, 0.577}
Speed of the vehicle = 150.000000 (km/h)
Carrier Frequency = 2.000000e+09 (Hz)
Maximum Doppler Frequency = 277.777778 (Hz)
Transmission bit Rate = 5.000000e+05 (bps)
f_d * t = 0.000556
Eb/No     BER
20.000000 6.091917e-01 
25.000000 6.091335e-01 
30.000000 6.093306e-01 

Total elapsed time: 37(sec)

MSE Performance of Adaptive RLS Channel Estimator (4-QAM) in multipath ISI channel
Modulation Scheme: 4-QAM
3-path Rayleigh fading channel with equal strength
Multipath weighting factor: {0.577, 0.577, 0.577}
Speed of the vehicle = 75.000000 (km/h)
Carrier Frequency = 2.000000e+09 (Hz)
Maximum Doppler Frequency = 138.888889 (Hz)
Transmission bit Rate = 1.000000e+06 (bps)
f_d * t = 0.000139
Eb/No     BER
20.000000 3.395552e-01 
25.000000 3.393798e-01 
30.000000 3.395002e-01 

Total elapsed time: 35(sec)

MSE Performance of Adaptive RLS Channel Estimator (4-QAM) in multipath ISI channel
Modulation Scheme: 4-QAM
3-path Rayleigh fading channel with equal strength
Multipath weighting factor: {0.577, 0.577, 0.577}
Speed of the vehicle = 30.000000 (km/h)
Carrier Frequency = 2.000000e+09 (Hz)
Maximum Doppler Frequency = 55.555556 (Hz)
Transmission bit Rate = 2.000000e+06 (bps)
f_d * t = 0.000028
Eb/No     BER
20.000000 3.986607e-01 
25.000000 3.987512e-01 
MSE Performance of Adaptive RLS Channel Estimator (4-QAM) in multipath ISI channel
Modulation Scheme: 4-QAM
3-path Rayleigh fading channel with equal strength
Multipath weighting factor: {0.577, 0.577, 0.577}
Speed of the vehicle = 75.000000 (km/h)
Carrier Frequency = 2.000000e+09 (Hz)
Maximum Doppler Frequency = 138.888889 (Hz)
Transmission bit Rate = 1.000000e+06 (bps)
f_d * t = 0.000139
Eb/No     BER
20.000000 3.396852e-01 
25.000000 3.394822e-01 
30.000000 3.394025e-01 

Total elapsed time: 35(sec)

MSE Performance of Adaptive RLS Channel Estimator (4-QAM) in multipath ISI channel
Modulation Scheme: 4-QAM
3-path Rayleigh fading channel with equal strength
Multipath weighting factor: {0.577, 0.577, 0.577}
Speed of the vehicle = 150.000000 (km/h)
Carrier Frequency = 2.000000e+09 (Hz)
Maximum Doppler Frequency = 277.777778 (Hz)
Transmission bit Rate = 5.000000e+05 (bps)
f_d * t = 0.000556
Eb/No     BER
20.000000 6.093555e-01 
25.000000 6.092709e-01 
30.000000 6.093651e-01 

Total elapsed time: 35(sec)

MSE Performance of Adaptive RLS Channel Estimator (4-QAM) in multipath ISI channel
Modulation Scheme: 4-QAM
3-path Rayleigh fading channel with equal strength
Multipath weighting factor: {0.577, 0.577, 0.577}
Speed of the vehicle = 75.000000 (km/h)
Carrier Frequency = 2.000000e+09 (Hz)
Maximum Doppler Frequency = 138.888889 (Hz)
Transmission bit Rate = 2.500000e+05 (bps)
f_d * t = 0.000556
Eb/No     BER
20.000000 4.809947e-01 
25.000000 4.807096e-01 
30.000000 4.807405e-01 

Total elapsed time: 34(sec)

MSE Performance of Adaptive RLS Channel Estimator (4-QAM) in multipath ISI channel
Modulation Scheme: 4-QAM
3-path Rayleigh fading channel with equal strength
Multipath weighting factor: {0.577, 0.577, 0.577}
Speed of the vehicle = 150.000000 (km/h)
Carrier Frequency = 2.000000e+09 (Hz)
Maximum Doppler Frequency = 277.777778 (Hz)
Transmission bit Rate = 5.000000e+05 (bps)
f_d * t = 0.000556
Eb/No     BER
20.000000 6.100024e-01 
25.000000 6.096345e-01 
30.000000 6.092676e-01 

Total elapsed time: 34(sec)

MSE Performance of Adaptive RLS Channel Estimator (4-QAM) in multipath ISI channel
Modulation Scheme: 4-QAM
3-path Rayleigh fading channel with equal strength
Multipath weighting factor: {0.577, 0.577, 0.577}
Speed of the vehicle = 150.000000 (km/h)
Carrier Frequency = 2.000000e+09 (Hz)
Maximum Doppler Frequency = 277.777778 (Hz)
Transmission bit Rate = 5.000000e+05 (bps)
f_d * t = 0.000556
Eb/No     BER
20.000000 1.186654e-03 
25.000000 1.130936e-03 
30.000000 1.119496e-03 

Total elapsed time: 33(sec)

MSE Performance of Adaptive RLS Channel Estimator (4-QAM) in multipath ISI channel
Modulation Scheme: 4-QAM
3-path Rayleigh fading channel with equal strength
Multipath weighting factor: {0.577, 0.577, 0.577}
Speed of the vehicle = 150.000000 (km/h)
Carrier Frequency = 2.000000e+09 (Hz)
Maximum Doppler Frequency = 277.777778 (Hz)
Transmission bit Rate = 5.000000e+05 (bps)
f_d * t = 0.000556
Eb/No     BER
0.000000 1.028776e-02 
5.000000 3.823168e-03 
10.000000 2.101671e-03 
15.000000 1.352849e-03 
20.000000 1.200592e-03 
25.000000 1.118101e-03 
30.000000 1.117666e-03 

Total elapsed time: 75(sec)

MSE Performance of Adaptive RLS Channel Estimator (4-QAM) in multipath ISI channel
Modulation Scheme: 4-QAM
3-path Rayleigh fading channel with equal strength
Multipath weighting factor: {0.577, 0.577, 0.577}
Speed of the vehicle = 150.000000 (km/h)
Carrier Frequency = 2.000000e+09 (Hz)
Maximum Doppler Frequency = 277.777778 (Hz)
Transmission bit Rate = 5.000000e+05 (bps)
f_d * t = 0.000556
Eb/No     BER
0.000000 1.220752e+00 
5.000000 1.223366e+00 
10.000000 1.221302e+00 
15.000000 1.218384e+00 
20.000000 1.217826e+00 
25.000000 1.217712e+00 
30.000000 1.217032e+00 

Total elapsed time: 76(sec)

MSE Performance of Adaptive RLS Channel Estimator (4-QAM) in multipath ISI channel
Modulation Scheme: 4-QAM
3-path Rayleigh fading channel with equal strength
Multipath weighting factor: {0.577, 0.577, 0.577}
Speed of the vehicle = 150.000000 (km/h)
Carrier Frequency = 2.000000e+09 (Hz)
Maximum Doppler Frequency = 277.777778 (Hz)
Transmission bit Rate = 5.000000e+05 (bps)
f_d * t = 0.000556
Eb/No     BER
MSE Performance of Adaptive RLS Channel Estimator (4-QAM) in multipath ISI channel
Modulation Scheme: 4-QAM
3-path Rayleigh fading channel with equal strength
Multipath weighting factor: {0.577, 0.577, 0.577}
Speed of the vehicle = 150.000000 (km/h)
Carrier Frequency = 2.000000e+09 (Hz)
Maximum Doppler Frequency = 277.777778 (Hz)
Transmission bit Rate = 5.000000e+05 (bps)
f_d * t = 0.000556
Eb/No     BER
MSE Performance of Adaptive RLS Channel Estimator (4-QAM) in multipath ISI channel
Modulation Scheme: 4-QAM
3-path Rayleigh fading channel with equal strength
Multipath weighting factor: {0.577, 0.577, 0.577}
Speed of the vehicle = 150.000000 (km/h)
Carrier Frequency = 2.000000e+09 (Hz)
Maximum Doppler Frequency = 277.777778 (Hz)
Transmission bit Rate = 5.000000e+05 (bps)
f_d * t = 0.000556
Eb/No     BER
MSE Performance of Adaptive RLS Channel Estimator (4-QAM) in multipath ISI channel
Modulation Scheme: 4-QAM
3-path Rayleigh fading channel with equal strength
Multipath weighting factor: {0.577, 0.577, 0.577}
Speed of the vehicle = 150.000000 (km/h)
Carrier Frequency = 2.000000e+09 (Hz)
Maximum Doppler Frequency = 277.777778 (Hz)
Transmission bit Rate = 5.000000e+05 (bps)
f_d * t = 0.000556
Eb/No     BER
MSE Performance of Adaptive RLS Channel Estimator (4-QAM) in multipath ISI channel
Modulation Scheme: 4-QAM
3-path Rayleigh fading channel with equal strength
Multipath weighting factor: {0.577, 0.577, 0.577}
Speed of the vehicle = 150.000000 (km/h)
Carrier Frequency = 2.000000e+09 (Hz)
Maximum Doppler Frequency = 277.777778 (Hz)
Transmission bit Rate = 5.000000e+05 (bps)
f_d * t = 0.000556
Eb/No     BER
MSE Performance of Adaptive RLS Channel Estimator (4-QAM) in multipath ISI channel
Modulation Scheme: 4-QAM
3-path Rayleigh fading channel with equal strength
Multipath weighting factor: {0.577, 0.577, 0.577}
Speed of the vehicle = 0.000000 (km/h)
Carrier Frequency = 2.000000e+09 (Hz)
Maximum Doppler Frequency = 0.000000 (Hz)
Transmission bit Rate = 5.000000e+05 (bps)
f_d * t = 0.000000
Eb/No     BER
MSE Performance of Adaptive RLS Channel Estimator (4-QAM) in multipath ISI channel
Modulation Scheme: 4-QAM
3-path Rayleigh fading channel with equal strength
Multipath weighting factor: {0.577, 0.577, 0.577}
Speed of the vehicle = 0.000000 (km/h)
Carrier Frequency = 2.000000e+09 (Hz)
Maximum Doppler Frequency = 0.000000 (Hz)
Transmission bit Rate = 5.000000e+05 (bps)
f_d * t = 0.000000
Eb/No     BER
MSE Performance of Adaptive RLS Channel Estimator (4-QAM) in multipath ISI channel
Modulation Scheme: 4-QAM
3-path Rayleigh fading channel with equal strength
Multipath weighting factor: {0.577, 0.577, 0.577}
Speed of the vehicle = 150.000000 (km/h)
Carrier Frequency = 2.000000e+09 (Hz)
Maximum Doppler Frequency = 277.777778 (Hz)
Transmission bit Rate = 5.000000e+05 (bps)
f_d * t = 0.000556
Eb/No     BER
MSE Performance of Adaptive RLS Channel Estimator (4-QAM) in multipath ISI channel
Modulation Scheme: 4-QAM
3-path Rayleigh fading channel with equal strength
Multipath weighting factor: {0.577, 0.577, 0.577}
Speed of the vehicle = 150.000000 (km/h)
Carrier Frequency = 2.000000e+09 (Hz)
Maximum Doppler Frequency = 277.777778 (Hz)
Transmission bit Rate = 5.000000e+05 (bps)
f_d * t = 0.000556
Eb/No     BER
30.000000 1.217328e+00 

Total elapsed time: 11(sec)

MSE Performance of Adaptive RLS Channel Estimator (4-QAM) in multipath ISI channel
Modulation Scheme: 4-QAM
3-path Rayleigh fading channel with equal strength
Multipath weighting factor: {0.577, 0.577, 0.577}
Speed of the vehicle = 150.000000 (km/h)
Carrier Frequency = 2.000000e+09 (Hz)
Maximum Doppler Frequency = 277.777778 (Hz)
Transmission bit Rate = 5.000000e+05 (bps)
f_d * t = 0.000556
Eb/No     BER
30.000000 5.552134e-04 

Total elapsed time: 11(sec)

MSE Performance of Adaptive RLS Channel Estimator (4-QAM) in multipath ISI channel
Modulation Scheme: 4-QAM
3-path Rayleigh fading channel with equal strength
Multipath weighting factor: {0.577, 0.577, 0.577}
Speed of the vehicle = 150.000000 (km/h)
Carrier Frequency = 2.000000e+09 (Hz)
Maximum Doppler Frequency = 277.777778 (Hz)
Transmission bit Rate = 5.000000e+05 (bps)
f_d * t = 0.000556
Eb/No     BER
30.000000 1.108002e-03 

Total elapsed time: 11(sec)

MSE Performance of Adaptive RLS Channel Estimator (4-QAM) in multipath ISI channel
Modulation Scheme: 4-QAM
3-path Rayleigh fading channel with equal strength
Multipath weighting factor: {0.577, 0.577, 0.577}
Speed of the vehicle = 0.000000 (km/h)
Carrier Frequency = 2.000000e+09 (Hz)
Maximum Doppler Frequency = 0.000000 (Hz)
Transmission bit Rate = 5.000000e+05 (bps)
f_d * t = 0.000000
Eb/No     BER
MSE Performance of Adaptive RLS Channel Estimator (4-QAM) in multipath ISI channel
Modulation Scheme: 4-QAM
3-path Rayleigh fading channel with equal strength
Multipath weighting factor: {0.577, 0.577, 0.577}
Speed of the vehicle = 10.000000 (km/h)
Carrier Frequency = 2.000000e+09 (Hz)
Maximum Doppler Frequency = 18.518519 (Hz)
Transmission bit Rate = 5.000000e+05 (bps)
f_d * t = 0.000037
Eb/No     BER
MSE Performance of Adaptive RLS Channel Estimator (4-QAM) in multipath ISI channel
Modulation Scheme: 4-QAM
3-path Rayleigh fading channel with equal strength
Multipath weighting factor: {0.577, 0.577, 0.577}
Speed of the vehicle = 10.000000 (km/h)
Carrier Frequency = 2.000000e+09 (Hz)
Maximum Doppler Frequency = 18.518519 (Hz)
Transmission bit Rate = 5.000000e+05 (bps)
f_d * t = 0.000037
Eb/No     BER
MSE Performance of Adaptive RLS Channel Estimator (4-QAM) in multipath ISI channel
Modulation Scheme: 4-QAM
3-path Rayleigh fading channel with equal strength
Multipath weighting factor: {0.407, 0.815, 0.407}
Speed of the vehicle = 0.000000 (km/h)
Carrier Frequency = 2.000000e+09 (Hz)
Maximum Doppler Frequency = 0.000000 (Hz)
Transmission bit Rate = 5.000000e+05 (bps)
f_d * t = 0.000000
Eb/No     BER
30.000000 1.730975e-05 

Total elapsed time: 1(sec)

MSE Performance of Adaptive RLS Channel Estimator (4-QAM) in multipath ISI channel
Modulation Scheme: 4-QAM
3-path Rayleigh fading channel with equal strength
Multipath weighting factor: {0.407, 0.815, 0.407}
Speed of the vehicle = 0.000000 (km/h)
Carrier Frequency = 2.000000e+09 (Hz)
Maximum Doppler Frequency = 0.000000 (Hz)
Transmission bit Rate = 5.000000e+05 (bps)
f_d * t = 0.000000
Eb/No     BER
0.000000 8.361178e-04 
5.000000 2.754969e-04 
10.000000 6.145241e-05 
15.000000 3.050802e-05 
20.000000 2.121260e-05 
25.000000 1.810031e-05 
30.000000 1.684201e-05 

Total elapsed time: 4(sec)

MSE Performance of Adaptive RLS Channel Estimator (4-QAM) in multipath ISI channel
Modulation Scheme: 4-QAM
3-path Rayleigh fading channel with equal strength
Multipath weighting factor: {0.407, 0.815, 0.407}
Speed of the vehicle = 0.000000 (km/h)
Carrier Frequency = 2.000000e+09 (Hz)
Maximum Doppler Frequency = 0.000000 (Hz)
Transmission bit Rate = 5.000000e+05 (bps)
f_d * t = 0.000000
Eb/No     BER
MSE Performance of Adaptive RLS Channel Estimator (4-QAM) in multipath ISI channel
Modulation Scheme: 4-QAM
3-path Rayleigh fading channel with equal strength
Multipath weighting factor: {0.407, 0.815, 0.407}
Speed of the vehicle = 0.000000 (km/h)
Carrier Frequency = 2.000000e+09 (Hz)
Maximum Doppler Frequency = 0.000000 (Hz)
Transmission bit Rate = 5.000000e+05 (bps)
f_d * t = 0.000000
Eb/No     BER
MSE Performance of Adaptive RLS Channel Estimator (4-QAM) in multipath ISI channel
Modulation Scheme: 4-QAM
3-path Rayleigh fading channel with equal strength
Multipath weighting factor: {0.577, 0.577, 0.577}
Speed of the vehicle = 150.000000 (km/h)
Carrier Frequency = 2.000000e+09 (Hz)
Maximum Doppler Frequency = 277.777778 (Hz)
Transmission bit Rate = 5.000000e+05 (bps)
f_d * t = 0.000556
Eb/No     BER
MSE Performance of Adaptive RLS Channel Estimator (4-QAM) in multipath ISI channel
Modulation Scheme: 4-QAM
3-path Rayleigh fading channel with equal strength
Multipath weighting factor: {0.577, 0.577, 0.577}
Speed of the vehicle = 10.000000 (km/h)
Carrier Frequency = 2.000000e+09 (Hz)
Maximum Doppler Frequency = 18.518519 (Hz)
Transmission bit Rate = 5.000000e+05 (bps)
f_d * t = 0.000037
Eb/No     BER
MSE Performance of Adaptive RLS Channel Estimator (4-QAM) in multipath ISI channel
Modulation Scheme: 4-QAM
3-path Rayleigh fading channel with equal strength
Multipath weighting factor: {0.577, 0.577, 0.577}
Speed of the vehicle = 0.000000 (km/h)
Carrier Frequency = 2.000000e+09 (Hz)
Maximum Doppler Frequency = 0.000000 (Hz)
Transmission bit Rate = 5.000000e+05 (bps)
f_d * t = 0.000000
Eb/No     BER
MSE Performance of Adaptive RLS Channel Estimator (4-QAM) in multipath ISI channel
Modulation Scheme: 4-QAM
3-path Rayleigh fading channel with equal strength
Multipath weighting factor: {0.577, 0.577, 0.577}
Speed of the vehicle = 1.000000 (km/h)
Carrier Frequency = 2.000000e+09 (Hz)
Maximum Doppler Frequency = 1.851852 (Hz)
Transmission bit Rate = 5.000000e+05 (bps)
f_d * t = 0.000004
Eb/No     BER
MSE Performance of Adaptive RLS Channel Estimator (4-QAM) in multipath ISI channel
Modulation Scheme: 4-QAM
3-path Rayleigh fading channel with equal strength
Multipath weighting factor: {0.577, 0.577, 0.577}
Speed of the vehicle = 0.000000 (km/h)
Carrier Frequency = 2.000000e+09 (Hz)
Maximum Doppler Frequency = 0.000000 (Hz)
Transmission bit Rate = 5.000000e+05 (bps)
f_d * t = 0.000000
Eb/No     BER
MSE Performance of Adaptive RLS Channel Estimator (4-QAM) in multipath ISI channel
Modulation Scheme: 4-QAM
3-path Rayleigh fading channel with equal strength
Multipath weighting factor: {0.577, 0.577, 0.577}
Speed of the vehicle = 0.000000 (km/h)
Carrier Frequency = 2.000000e+09 (Hz)
Maximum Doppler Frequency = 0.000000 (Hz)
Transmission bit Rate = 5.000000e+05 (bps)
f_d * t = 0.000000
Eb/No     BER
MSE Performance of Adaptive RLS Channel Estimator (4-QAM) in multipath ISI channel
Modulation Scheme: 4-QAM
3-path Rayleigh fading channel with equal strength
Multipath weighting factor: {0.577, 0.577, 0.577}
Speed of the vehicle = 150.000000 (km/h)
Carrier Frequency = 2.000000e+09 (Hz)
Maximum Doppler Frequency = 277.777778 (Hz)
Transmission bit Rate = 5.000000e+05 (bps)
f_d * t = 0.000556
Eb/No     BER
30.000000 1.424906e-03 

Total elapsed time: 12(sec)

MSE Performance of Adaptive RLS Channel Estimator (4-QAM) in multipath ISI channel
Modulation Scheme: 4-QAM
3-path Rayleigh fading channel with equal strength
Multipath weighting factor: {0.577, 0.577, 0.577}
Speed of the vehicle = 150.000000 (km/h)
Carrier Frequency = 2.000000e+09 (Hz)
Maximum Doppler Frequency = 277.777778 (Hz)
Transmission bit Rate = 5.000000e+05 (bps)
f_d * t = 0.000556
Eb/No     BER
0.000000 1.037701e-02 
5.000000 4.279858e-03 
10.000000 2.339340e-03 
15.000000 1.718761e-03 
20.000000 1.509871e-03 
25.000000 1.428700e-03 
30.000000 1.425410e-03 

Total elapsed time: 76(sec)

MSE Performance of Adaptive RLS Channel Estimator (4-QAM) in multipath ISI channel
Modulation Scheme: 4-QAM
3-path Rayleigh fading channel with equal strength
Multipath weighting factor: {0.577, 0.577, 0.577}
Speed of the vehicle = 120.000000 (km/h)
Carrier Frequency = 2.000000e+09 (Hz)
Maximum Doppler Frequency = 222.222222 (Hz)
Transmission bit Rate = 1.600000e+04 (bps)
f_d * t = 0.013889
Eb/No     BER
0.000000 2.494166e-01 
5.000000 2.425492e-01 
10.000000 2.437349e-01 
15.000000 2.410119e-01 
20.000000 2.393344e-01 
25.000000 2.412640e-01 
30.000000 2.416462e-01 

Total elapsed time: 76(sec)

MSE Performance of Adaptive RLS Channel Estimator (4-QAM) in multipath ISI channel
Modulation Scheme: 4-QAM
3-path Rayleigh fading channel with equal strength
Multipath weighting factor: {0.577, 0.577, 0.577}
Speed of the vehicle = 120.000000 (km/h)
Carrier Frequency = 2.000000e+09 (Hz)
Maximum Doppler Frequency = 222.222222 (Hz)
Transmission bit Rate = 5.120000e+06 (bps)
f_d * t = 0.000043
Eb/No     BER
0.000000 9.593996e-03 
5.000000 2.929242e-03 
10.000000 9.680303e-04 
15.000000 3.307451e-04 
20.000000 1.280071e-04 
25.000000 6.206725e-05 
30.000000 4.281713e-05 

Total elapsed time: 78(sec)

MSE Performance of Adaptive RLS Channel Estimator (4-QAM) in multipath ISI channel
Modulation Scheme: 4-QAM
3-path Rayleigh fading channel with equal strength
Multipath weighting factor: {0.577, 0.577, 0.577}
Speed of the vehicle = 150.000000 (km/h)
Carrier Frequency = 2.000000e+09 (Hz)
Maximum Doppler Frequency = 277.777778 (Hz)
Transmission bit Rate = 5.000000e+05 (bps)
f_d * t = 0.000556
Eb/No     BER
0.000000 1.053730e-02 
5.000000 4.538923e-03 
10.000000 2.350566e-03 
15.000000 1.708615e-03 
20.000000 1.505747e-03 
25.000000 1.444387e-03 
30.000000 1.415040e-03 

Total elapsed time: 76(sec)

